<?xml version="1.0" encoding="UTF-8"?>
<!-- Generated by org.testng.reporters.JUnitXMLReporter -->
<testsuite ignored="0" hostname="D0P19K3" failures="0" tests="76" name="Test" time="963.271" errors="0" timestamp="2023-12-21T20:30:18 SAST">
  <testcase classname="com.via.testcases.FlightPageTest" name="bookFlightTest" time="10.596"/>
  <testcase classname="com.via.testcases.FlightPageTest" name="searchMultiCityFlightTest" time="5.726"/>
  <testcase classname="com.via.testcases.FlightPageTest" name="searchOneWayFlightTest" time="4.629"/>
  <testcase classname="com.via.testcases.FlightPageTest" name="searchRoundTripFlightTest" time="5.031"/>
  <testcase classname="com.via.testcases.FlightPageTest" name="validateAdultsMinusTest" time="0.019"/>
  <testcase classname="com.via.testcases.FlightPageTest" name="validateAdultsPlusTest" time="0.027"/>
  <testcase classname="com.via.testcases.FlightPageTest" name="validateChildrenMinusTest" time="0.02"/>
  <testcase classname="com.via.testcases.FlightPageTest" name="validateChildrenPlusTest" time="0.02"/>
  <testcase classname="com.via.testcases.FlightPageTest" name="validateDepartureTest" time="0.03"/>
  <testcase classname="com.via.testcases.FlightPageTest" name="validateFromInputTest" time="0.031"/>
  <testcase classname="com.via.testcases.FlightPageTest" name="validateInfantMinusTest" time="0.021"/>
  <testcase classname="com.via.testcases.FlightPageTest" name="validateInfantPlusTest" time="0.025"/>
  <testcase classname="com.via.testcases.FlightPageTest" name="validateMultiCityTest" time="0.022"/>
  <testcase classname="com.via.testcases.FlightPageTest" name="validateOneWayTabTest" time="0.019"/>
  <testcase classname="com.via.testcases.FlightPageTest" name="validatePrefAirlineTest" time="0.074"/>
  <testcase classname="com.via.testcases.FlightPageTest" name="validatePrefClassTest" time="0.068"/>
  <testcase classname="com.via.testcases.FlightPageTest" name="validatePrefRoutingTest" time="0.057"/>
  <testcase classname="com.via.testcases.FlightPageTest" name="validateReturnTest" time="0.023"/>
  <testcase classname="com.via.testcases.FlightPageTest" name="validateRoundTripTabTest" time="0.021"/>
  <testcase classname="com.via.testcases.FlightPageTest" name="validateSearchBtnTest" time="0.026"/>
  <testcase classname="com.via.testcases.FlightPageTest" name="validateShowMoreOptionsTest" time="0.027"/>
  <testcase classname="com.via.testcases.FlightPageTest" name="validateToInputTest" time="0.02"/>
  <testcase classname="com.via.testcases.FlightPageTest" name="validateYourRecentSearchesTest" time="0.021"/>
  <testcase classname="com.via.testcases.RegistrationPageTest" name="clickSigninTest" time="0.106"/>
  <testcase classname="com.via.testcases.RegistrationPageTest" name="validateCountryCode" time="0.169"/>
  <testcase classname="com.via.testcases.RegistrationPageTest" name="validateCountryCodeDropDownd" time="3.732"/>
  <testcase classname="com.via.testcases.RegistrationPageTest" name="validateCreatAccountBtnTest" time="0.123"/>
  <testcase classname="com.via.testcases.RegistrationPageTest" name="validateEmailErrorMsgTest" time="0.34"/>
  <testcase classname="com.via.testcases.RegistrationPageTest" name="validateEmailFieldTest" time="0.113"/>
  <testcase classname="com.via.testcases.RegistrationPageTest" name="validateNameErrorMsgTest" time="0.432"/>
  <testcase classname="com.via.testcases.RegistrationPageTest" name="validateNameFieldTest" time="0.1"/>
  <testcase classname="com.via.testcases.RegistrationPageTest" name="validateNumberErrorMsgTest" time="0.816"/>
  <testcase classname="com.via.testcases.RegistrationPageTest" name="validateNumberFieldTest" time="0.134"/>
  <testcase classname="com.via.testcases.RegistrationPageTest" name="validatePasswordErrorMsgTest" time="0.463"/>
  <testcase classname="com.via.testcases.RegistrationPageTest" name="validatePasswordFieldTest" time="0.117"/>
  <testcase classname="com.via.testcases.RegistrationPageTest" name="validateRegistrationTest" time="5.12"/>
  <testcase classname="com.via.testcases.RegistrationPageTest" name="validateTitleFieldTest" time="0.091"/>
  <testcase classname="com.via.testcases.LoginPageTest" name="loginValidattionTest" time="2.812"/>
  <testcase classname="com.via.testcases.LoginPageTest" name="validateClickForgetPasswordTest" time="0.119"/>
  <testcase classname="com.via.testcases.LoginPageTest" name="validateClickSigninBtn" time="0.139"/>
  <testcase classname="com.via.testcases.LoginPageTest" name="validateForgetPasswordTest" time="0.073"/>
  <testcase classname="com.via.testcases.LoginPageTest" name="validatePasswordErrorMsgTest" time="0.318"/>
  <testcase classname="com.via.testcases.LoginPageTest" name="validatePasswordField" time="0.064"/>
  <testcase classname="com.via.testcases.LoginPageTest" name="validateSigninBtn" time="0.066"/>
  <testcase classname="com.via.testcases.LoginPageTest" name="validateUsernameErrorMsgTest" time="0.299"/>
  <testcase classname="com.via.testcases.LoginPageTest" name="validateUsernameField" time="0.06"/>
  <testcase classname="com.via.testcases.LoginPageTest" name="validateWrongCredentialsErrorMsgTest" time="1.123"/>
  <testcase classname="com.via.testcases.HotelPageTest" name="RemoveAdditionalRoomButtonTest" time="0.213"/>
  <testcase classname="com.via.testcases.HotelPageTest" name="fullSearchTest" time="13.247"/>
  <testcase classname="com.via.testcases.HotelPageTest" name="getAdditionalRoomsTest" time="0.168"/>
  <testcase classname="com.via.testcases.HotelPageTest" name="getAdultsMinusInputTest" time="0.123"/>
  <testcase classname="com.via.testcases.HotelPageTest" name="getAdultsPlusInputTest" time="0.128"/>
  <testcase classname="com.via.testcases.HotelPageTest" name="getCancelButtonTest" time="0.125"/>
  <testcase classname="com.via.testcases.HotelPageTest" name="getChildrensAgeInputTest" time="0.265"/>
  <testcase classname="com.via.testcases.HotelPageTest" name="getChildrensMinusInputTest" time="0.127"/>
  <testcase classname="com.via.testcases.HotelPageTest" name="getChildrensPlusInputTest" time="0.124"/>
  <testcase classname="com.via.testcases.HotelPageTest" name="getDoneButtonMenu" time="0.129"/>
  <testcase classname="com.via.testcases.HotelPageTest" name="getIsolationCheckBoxInput" time="0.082"/>
  <testcase classname="com.via.testcases.HotelPageTest" name="getNationaltyInputTest" time="0.127"/>
  <testcase classname="com.via.testcases.HotelPageTest" name="getResidencyInputTest" time="0.124"/>
  <testcase classname="com.via.testcases.HotelPageTest" name="navigateToHotelsTest" time="0.04"/>
  <testcase classname="com.via.testcases.HotelPageTest" name="searchHotelTest" time="18.178"/>
  <testcase classname="com.via.testcases.HotelPageTest" name="searchScrollBarTest" time="0.628"/>
  <testcase classname="com.via.testcases.HotelPageTest" name="searchSrollBarTest" time="0.72"/>
  <testcase classname="com.via.testcases.HotelPageTest" name="setCheckInDateButtonTest" time="0.092"/>
  <testcase classname="com.via.testcases.HotelPageTest" name="setCheckOutDateButtonTest" time="0.107"/>
  <testcase classname="com.via.testcases.HotelPageTest" name="setCloseCalenderButtonCheckInTest" time="0.208"/>
  <testcase classname="com.via.testcases.HotelPageTest" name="setCloseCalenderButtonCheckOutTest" time="0.141"/>
  <testcase classname="com.via.testcases.HotelPageTest" name="setDestinationTest" time="7.111"/>
  <testcase classname="com.via.testcases.HotelPageTest" name="setRoomsMenu" time="0.097"/>
  <testcase classname="com.via.testcases.HotelPageTest" name="setSearchButtonTest" time="0.193"/>
  <testcase classname="com.via.testcases.HotelPageTest" name="setSelectHotelLocationTest" time="10.696"/>
  <testcase classname="com.via.testcases.HotelPageTest" name="setSelectHotelPhotosTest" time="12.255"/>
  <testcase classname="com.via.testcases.HotelPageTest" name="setSelectHotelReviewsTest" time="11.688"/>
  <testcase classname="com.via.testcases.HotelPageTest" name="setSelectHotelTest" time="9.374"/>
  <testcase classname="com.via.testcases.HotelPageTest" name="setSelectRoomsRating" time="11.986"/>
</testsuite> <!-- Test -->
