<?xml version="1.0" encoding="UTF-8"?>
<!-- Generated by org.testng.reporters.JUnitXMLReporter -->
<testsuite ignored="29" hostname="D0P19K3" failures="0" tests="1" name="Default test" time="21.477" errors="0" timestamp="2023-12-21T19:02:11 SAST">
  <testcase classname="com.via.testcases.HotelPageTest" name="getNationaltyInputTest" time="0.175"/>
  <testcase classname="com.via.testcases.HotelPageTest" name="setRoomsMenu" time="0.0">
    <ignored/>
  </testcase> <!-- setRoomsMenu -->
  <testcase classname="com.via.testcases.HotelPageTest" name="getResidencyInputTest" time="0.0">
    <ignored/>
  </testcase> <!-- getResidencyInputTest -->
  <testcase classname="com.via.testcases.HotelPageTest" name="searchScrollBarTest" time="0.0">
    <ignored/>
  </testcase> <!-- searchScrollBarTest -->
  <testcase classname="com.via.testcases.HotelPageTest" name="fullSearchTest" time="0.0">
    <ignored/>
  </testcase> <!-- fullSearchTest -->
  <testcase classname="com.via.testcases.HotelPageTest" name="setSelectHotelLocationTest" time="0.0">
    <ignored/>
  </testcase> <!-- setSelectHotelLocationTest -->
  <testcase classname="com.via.testcases.HotelPageTest" name="setSelectHotelPhotosTest" time="0.0">
    <ignored/>
  </testcase> <!-- setSelectHotelPhotosTest -->
  <testcase classname="com.via.testcases.HotelPageTest" name="getChildrensMinusInputTest" time="0.0">
    <ignored/>
  </testcase> <!-- getChildrensMinusInputTest -->
  <testcase classname="com.via.testcases.HotelPageTest" name="searchHotelTest" time="0.0">
    <ignored/>
  </testcase> <!-- searchHotelTest -->
  <testcase classname="com.via.testcases.HotelPageTest" name="getDoneButtonMenu" time="0.0">
    <ignored/>
  </testcase> <!-- getDoneButtonMenu -->
  <testcase classname="com.via.testcases.HotelPageTest" name="setSelectRoomsRating" time="0.0">
    <ignored/>
  </testcase> <!-- setSelectRoomsRating -->
  <testcase classname="com.via.testcases.HotelPageTest" name="navigateToHotelsTest" time="0.0">
    <ignored/>
  </testcase> <!-- navigateToHotelsTest -->
  <testcase classname="com.via.testcases.HotelPageTest" name="getCancelButtonTest" time="0.0">
    <ignored/>
  </testcase> <!-- getCancelButtonTest -->
  <testcase classname="com.via.testcases.HotelPageTest" name="setCheckInDateButtonTest" time="0.0">
    <ignored/>
  </testcase> <!-- setCheckInDateButtonTest -->
  <testcase classname="com.via.testcases.HotelPageTest" name="setSelectHotelTest" time="0.0">
    <ignored/>
  </testcase> <!-- setSelectHotelTest -->
  <testcase classname="com.via.testcases.HotelPageTest" name="RemoveAdditionalRoomButtonTest" time="0.0">
    <ignored/>
  </testcase> <!-- RemoveAdditionalRoomButtonTest -->
  <testcase classname="com.via.testcases.HotelPageTest" name="getAdultsMinusInputTest" time="0.0">
    <ignored/>
  </testcase> <!-- getAdultsMinusInputTest -->
  <testcase classname="com.via.testcases.HotelPageTest" name="getChildrensAgeInputTest" time="0.0">
    <ignored/>
  </testcase> <!-- getChildrensAgeInputTest -->
  <testcase classname="com.via.testcases.HotelPageTest" name="setCloseCalenderButtonCheckOutTest" time="0.0">
    <ignored/>
  </testcase> <!-- setCloseCalenderButtonCheckOutTest -->
  <testcase classname="com.via.testcases.HotelPageTest" name="setDestinationTest" time="0.0">
    <ignored/>
  </testcase> <!-- setDestinationTest -->
  <testcase classname="com.via.testcases.HotelPageTest" name="setCloseCalenderButtonCheckInTest" time="0.0">
    <ignored/>
  </testcase> <!-- setCloseCalenderButtonCheckInTest -->
  <testcase classname="com.via.testcases.HotelPageTest" name="setCheckOutDateButtonTest" time="0.0">
    <ignored/>
  </testcase> <!-- setCheckOutDateButtonTest -->
  <testcase classname="com.via.testcases.HotelPageTest" name="setSelectHotelReviewsTest" time="0.0">
    <ignored/>
  </testcase> <!-- setSelectHotelReviewsTest -->
  <testcase classname="com.via.testcases.HotelPageTest" name="getAdultsPlusInputTest" time="0.0">
    <ignored/>
  </testcase> <!-- getAdultsPlusInputTest -->
  <testcase classname="com.via.testcases.HotelPageTest" name="setSearchButtonTest" time="0.0">
    <ignored/>
  </testcase> <!-- setSearchButtonTest -->
  <testcase classname="com.via.testcases.HotelPageTest" name="getIsolationCheckBoxInput" time="0.0">
    <ignored/>
  </testcase> <!-- getIsolationCheckBoxInput -->
  <testcase classname="com.via.testcases.HotelPageTest" name="searchSrollBarTest" time="0.0">
    <ignored/>
  </testcase> <!-- searchSrollBarTest -->
  <testcase classname="com.via.testcases.HotelPageTest" name="setSelectHotelDetailsTest" time="0.0">
    <ignored/>
  </testcase> <!-- setSelectHotelDetailsTest -->
  <testcase classname="com.via.testcases.HotelPageTest" name="getAdditionalRoomsTest" time="0.0">
    <ignored/>
  </testcase> <!-- getAdditionalRoomsTest -->
  <testcase classname="com.via.testcases.HotelPageTest" name="getChildrensPlusInputTest" time="0.0">
    <ignored/>
  </testcase> <!-- getChildrensPlusInputTest -->
</testsuite> <!-- Default test -->
